0 info it worked if it ends with ok
1 verbose cli [ '/usr/local/bin/node',
1 verbose cli   '/usr/local/bin/npm',
1 verbose cli   'install',
1 verbose cli   'http-server',
1 verbose cli   '-g' ]
2 info using npm@2.14.4
3 info using node@v4.1.1
4 verbose install initial load of /usr/local/lib/package.json
5 verbose readDependencies loading dependencies from /usr/local/lib/package.json
6 silly cache add args [ 'http-server', null ]
7 verbose cache add spec http-server
8 silly cache add parsed spec Result {
8 silly cache add   raw: 'http-server',
8 silly cache add   scope: null,
8 silly cache add   name: 'http-server',
8 silly cache add   rawSpec: '',
8 silly cache add   spec: '*',
8 silly cache add   type: 'range' }
9 silly addNamed http-server@*
10 verbose addNamed "*" is a valid semver range for http-server
11 silly addNameRange { name: 'http-server', range: '*', hasData: false }
12 silly mapToRegistry name http-server
13 silly mapToRegistry using default registry
14 silly mapToRegistry registry https://registry.npmjs.org/
15 silly mapToRegistry uri https://registry.npmjs.org/http-server
16 verbose addNameRange registry:https://registry.npmjs.org/http-server not in flight; fetching
17 verbose request uri https://registry.npmjs.org/http-server
18 verbose request no auth needed
19 info attempt registry request try #1 at 12:01:33 PM
20 verbose request id 5213952a3c00fa89
21 http request GET https://registry.npmjs.org/http-server
22 http 200 https://registry.npmjs.org/http-server
23 silly get cb [ 200,
23 silly get   { server: 'CouchDB/1.5.0 (Erlang OTP/R16B03)',
23 silly get     etag: '"457KUTOIXSUHZTDNMXND9ZKES"',
23 silly get     'content-type': 'application/json',
23 silly get     'cache-control': 'max-age=60',
23 silly get     'content-length': '55253',
23 silly get     'accept-ranges': 'bytes',
23 silly get     date: 'Thu, 22 Oct 2015 18:01:35 GMT',
23 silly get     via: '1.1 varnish',
23 silly get     age: '0',
23 silly get     connection: 'keep-alive',
23 silly get     'x-served-by': 'cache-lax1429-LAX',
23 silly get     'x-cache': 'HIT',
23 silly get     'x-cache-hits': '1',
23 silly get     'x-timer': 'S1445536895.461464,VS0,VE77',
23 silly get     vary: 'Accept' } ]
24 verbose get saving http-server to /Users/ErinSheridan/.npm/registry.npmjs.org/http-server/.cache.json
25 verbose makeDirectory /Users/ErinSheridan/.npm creation not in flight; initializing
26 silly makeDirectory /Users/ErinSheridan/.npm uid: 501 gid: 20
27 silly addNameRange number 2 { name: 'http-server', range: '*', hasData: true }
28 silly addNameRange versions [ 'http-server',
28 silly addNameRange   [ '0.1.0',
28 silly addNameRange     '0.1.1',
28 silly addNameRange     '0.1.3',
28 silly addNameRange     '0.2.1',
28 silly addNameRange     '0.2.2',
28 silly addNameRange     '0.2.3',
28 silly addNameRange     '0.2.4',
28 silly addNameRange     '0.2.5',
28 silly addNameRange     '0.2.6',
28 silly addNameRange     '0.2.9',
28 silly addNameRange     '0.3.0',
28 silly addNameRange     '0.4.0',
28 silly addNameRange     '0.4.1',
28 silly addNameRange     '0.5.0',
28 silly addNameRange     '0.5.1',
28 silly addNameRange     '0.5.2',
28 silly addNameRange     '0.5.3',
28 silly addNameRange     '0.5.5',
28 silly addNameRange     '0.6.0',
28 silly addNameRange     '0.6.1',
28 silly addNameRange     '0.7.0',
28 silly addNameRange     '0.7.1',
28 silly addNameRange     '0.7.2',
28 silly addNameRange     '0.7.3',
28 silly addNameRange     '0.7.4',
28 silly addNameRange     '0.7.5',
28 silly addNameRange     '0.8.0',
28 silly addNameRange     '0.8.1',
28 silly addNameRange     '0.8.2',
28 silly addNameRange     '0.8.3',
28 silly addNameRange     '0.8.4',
28 silly addNameRange     '0.8.5' ] ]
29 silly addNamed http-server@0.8.5
30 verbose addNamed "0.8.5" is a plain semver version for http-server
31 silly mapToRegistry name http-server
32 silly mapToRegistry using default registry
33 silly mapToRegistry registry https://registry.npmjs.org/
34 silly mapToRegistry uri https://registry.npmjs.org/http-server
35 verbose addRemoteTarball https://registry.npmjs.org/http-server/-/http-server-0.8.5.tgz not in flight; adding
36 verbose addRemoteTarball [ 'https://registry.npmjs.org/http-server/-/http-server-0.8.5.tgz',
36 verbose addRemoteTarball   'bbf27c9f09499e51a1fe1f979a6f39a45a04f2fb' ]
37 info retry fetch attempt 1 at 12:01:34 PM
38 info attempt registry request try #1 at 12:01:34 PM
39 http fetch GET https://registry.npmjs.org/http-server/-/http-server-0.8.5.tgz
40 http fetch 200 https://registry.npmjs.org/http-server/-/http-server-0.8.5.tgz
41 silly fetchAndShaCheck shasum bbf27c9f09499e51a1fe1f979a6f39a45a04f2fb
42 verbose addTmpTarball /var/folders/4d/vh4q8l5j1dd5d2rq9m_fgrh00000gn/T/npm-13189-6821c9f8/registry.npmjs.org/http-server/-/http-server-0.8.5.tgz not in flight; adding
43 verbose addTmpTarball already have metadata; skipping unpack for http-server@0.8.5
44 silly cache afterAdd http-server@0.8.5
45 verbose afterAdd /Users/ErinSheridan/.npm/http-server/0.8.5/package/package.json not in flight; writing
46 verbose afterAdd /Users/ErinSheridan/.npm/http-server/0.8.5/package/package.json written
47 silly install resolved [ { name: 'http-server',
47 silly install resolved     version: '0.8.5',
47 silly install resolved     description: 'A simple zero-configuration command-line http server',
47 silly install resolved     main: './lib/http-server',
47 silly install resolved     repository:
47 silly install resolved      { type: 'git',
47 silly install resolved        url: 'git://github.com/indexzero/http-server.git' },
47 silly install resolved     keywords: [ 'cli', 'command' ],
47 silly install resolved     scripts:
47 silly install resolved      { start: 'node ./bin/http-server',
47 silly install resolved        pretest: 'common bin/http-server lib/ test',
47 silly install resolved        test: 'vows --spec --isolate' },
47 silly install resolved     contributors:
47 silly install resolved      [ [Object],
47 silly install resolved        [Object],
47 silly install resolved        [Object],
47 silly install resolved        [Object],
47 silly install resolved        [Object],
47 silly install resolved        [Object],
47 silly install resolved        [Object],
47 silly install resolved        [Object],
47 silly install resolved        [Object],
47 silly install resolved        [Object] ],
47 silly install resolved     dependencies:
47 silly install resolved      { colors: '1.0.3',
47 silly install resolved        optimist: '0.6.x',
47 silly install resolved        union: '~0.4.3',
47 silly install resolved        ecstatic: '~0.7.0',
47 silly install resolved        'http-proxy': '^1.8.1',
47 silly install resolved        portfinder: '0.4.x',
47 silly install resolved        opener: '~1.4.0',
47 silly install resolved        corser: '~2.0.0' },
47 silly install resolved     devDependencies: { 'common-style': '^3.0.0', request: '2.49.x', vows: '0.7.x' },
47 silly install resolved     bugs: { url: 'https://github.com/nodeapps/http-server/issues' },
47 silly install resolved     license: 'MIT',
47 silly install resolved     preferGlobal: 'true',
47 silly install resolved     bin: { 'http-server': './bin/http-server', hs: './bin/http-server' },
47 silly install resolved     gitHead: 'b8975be281a5705e71218597940e53034ebe41d4',
47 silly install resolved     homepage: 'https://github.com/indexzero/http-server#readme',
47 silly install resolved     _id: 'http-server@0.8.5',
47 silly install resolved     _shasum: 'bbf27c9f09499e51a1fe1f979a6f39a45a04f2fb',
47 silly install resolved     _from: 'http-server@*',
47 silly install resolved     _npmVersion: '2.14.5',
47 silly install resolved     _nodeVersion: '0.12.7',
47 silly install resolved     _npmUser: { name: 'indexzero', email: 'charlie.robbins@gmail.com' },
47 silly install resolved     maintainers: [ [Object] ],
47 silly install resolved     dist:
47 silly install resolved      { shasum: 'bbf27c9f09499e51a1fe1f979a6f39a45a04f2fb',
47 silly install resolved        tarball: 'http://registry.npmjs.org/http-server/-/http-server-0.8.5.tgz' },
47 silly install resolved     directories: {},
47 silly install resolved     _resolved: 'https://registry.npmjs.org/http-server/-/http-server-0.8.5.tgz' } ]
48 info install http-server@0.8.5 into /usr/local/lib
49 info installOne http-server@0.8.5
50 verbose installOne of http-server to /usr/local/lib not in flight; installing
51 verbose makeDirectory /Users/ErinSheridan/.npm/_locks creation not in flight; initializing
52 silly makeDirectory /Users/ErinSheridan/.npm/_locks uid: 501 gid: 20
53 verbose lock using /Users/ErinSheridan/.npm/_locks/http-server-ae30c9ae1f4c5eaa.lock for /usr/local/lib/node_modules/http-server
54 silly install write writing http-server 0.8.5 to /usr/local/lib/node_modules/http-server
55 verbose unbuild lib/node_modules/http-server
56 silly gentlyRm /usr/local/lib/node_modules/http-server is being purged from base /usr/local
57 verbose gentlyRm don't care about contents; nuking /usr/local/lib/node_modules/http-server
58 verbose tar unpack /Users/ErinSheridan/.npm/http-server/0.8.5/package.tgz
59 verbose tar unpacking to /usr/local/lib/node_modules/http-server
60 silly gentlyRm /usr/local/lib/node_modules/http-server is being purged
61 verbose gentlyRm don't care about contents; nuking /usr/local/lib/node_modules/http-server
62 silly gunzTarPerm modes [ '755', '644' ]
63 error tar.unpack untar error /Users/ErinSheridan/.npm/http-server/0.8.5/package.tgz
64 verbose unlock done using /Users/ErinSheridan/.npm/_locks/http-server-ae30c9ae1f4c5eaa.lock for /usr/local/lib/node_modules/http-server
65 verbose fstream_path /usr/local/lib/node_modules/http-server
66 verbose fstream_type Directory
67 verbose fstream_class DirWriter
68 verbose stack Error: EACCES: permission denied, mkdir '/usr/local/lib/node_modules/http-server'
68 verbose stack     at Error (native)
69 verbose fstream_stack /usr/local/lib/node_modules/npm/node_modules/fstream/lib/dir-writer.js:35:25
69 verbose fstream_stack /usr/local/lib/node_modules/npm/node_modules/mkdirp/index.js:47:53
69 verbose fstream_stack FSReqWrap.oncomplete (fs.js:82:15)
70 verbose cwd /Users/ErinSheridan/Documents/DM Projects/Week2/day5/TwitterClone/twitter-clone/js
71 error Darwin 14.5.0
72 error argv "/usr/local/bin/node" "/usr/local/bin/npm" "install" "http-server" "-g"
73 error node v4.1.1
74 error npm  v2.14.4
75 error path /usr/local/lib/node_modules/http-server
76 error code EACCES
77 error errno -13
78 error syscall mkdir
79 error Error: EACCES: permission denied, mkdir '/usr/local/lib/node_modules/http-server'
79 error     at Error (native)
79 error  { [Error: EACCES: permission denied, mkdir '/usr/local/lib/node_modules/http-server']
79 error   errno: -13,
79 error   code: 'EACCES',
79 error   syscall: 'mkdir',
79 error   path: '/usr/local/lib/node_modules/http-server',
79 error   fstream_type: 'Directory',
79 error   fstream_path: '/usr/local/lib/node_modules/http-server',
79 error   fstream_class: 'DirWriter',
79 error   fstream_stack:
79 error    [ '/usr/local/lib/node_modules/npm/node_modules/fstream/lib/dir-writer.js:35:25',
79 error      '/usr/local/lib/node_modules/npm/node_modules/mkdirp/index.js:47:53',
79 error      'FSReqWrap.oncomplete (fs.js:82:15)' ] }
80 error Please try running this command again as root/Administrator.
81 verbose exit [ -13, true ]
82 verbose unbuild lib/node_modules/http-server
83 silly gentlyRm /usr/local/lib/node_modules/http-server is being purged from base /usr/local
84 verbose gentlyRm don't care about contents; nuking /usr/local/lib/node_modules/http-server
